<?xml version="1.0" encoding="UTF-8"?>
<!-- Generated by org.testng.reporters.JUnitXMLReporter -->
<testsuite hostname="360NDCPC104" ignored="0" name="Test" tests="3" failures="0" timestamp="23 Aug 2017 10:46:20 GMT" time="4.346" errors="0">
  <testcase name="@BeforeClass NavigateTo" time="4.295" classname="com.maventest.TestExample.NavigationExamples">
    <failure type="org.openqa.selenium.WebDriverException" message="Failed to find width field
Build info: version: &amp;apos;3.4.0&amp;apos;, revision: &amp;apos;unknown&amp;apos;, time: &amp;apos;unknown&amp;apos;
System info: host: &amp;apos;360NDCPC104&amp;apos;, ip: &amp;apos;192.168.8.55&amp;apos;, os.name: &amp;apos;Windows 10&amp;apos;, os.arch: &amp;apos;amd64&amp;apos;, os.version: &amp;apos;10.0&amp;apos;, java.version: &amp;apos;1.8.0_144&amp;apos;
Driver info: org.openqa.selenium.firefox.FirefoxDriver
Capabilities [{moz:profile=C:\Users\sunilk\AppData\Local\Temp\rust_mozprofile.a98yPJaGmSjP, rotatable=false, timeouts={implicit=0.0, pageLoad=300000.0, script=30000.0}, pageLoadStrategy=normal, platform=ANY, specificationLevel=0.0, moz:accessibilityChecks=false, acceptInsecureCerts=false, browserVersion=54.0.1, platformVersion=10.0, moz:processID=728.0, browserName=firefox, javascriptEnabled=true, platformName=windows_nt}]
Session ID: 2128f65d-7be1-45e1-b529-a3529733d5e0">
      <![CDATA[org.openqa.selenium.WebDriverException: Failed to find width field
Build info: version: '3.4.0', revision: 'unknown', time: 'unknown'
System info: host: '360NDCPC104', ip: '192.168.8.55', os.name: 'Windows 10', os.arch: 'amd64', os.version: '10.0', java.version: '1.8.0_144'
Driver info: org.openqa.selenium.firefox.FirefoxDriver
Capabilities [{moz:profile=C:\Users\sunilk\AppData\Local\Temp\rust_mozprofile.a98yPJaGmSjP, rotatable=false, timeouts={implicit=0.0, pageLoad=300000.0, script=30000.0}, pageLoadStrategy=normal, platform=ANY, specificationLevel=0.0, moz:accessibilityChecks=false, acceptInsecureCerts=false, browserVersion=54.0.1, platformVersion=10.0, moz:processID=728.0, browserName=firefox, javascriptEnabled=true, platformName=windows_nt}]
Session ID: 2128f65d-7be1-45e1-b529-a3529733d5e0
	at org.openqa.selenium.remote.http.W3CHttpResponseCodec.createException(W3CHttpResponseCodec.java:150)
	at org.openqa.selenium.remote.http.W3CHttpResponseCodec.decode(W3CHttpResponseCodec.java:115)
	at org.openqa.selenium.remote.http.W3CHttpResponseCodec.decode(W3CHttpResponseCodec.java:45)
	at org.openqa.selenium.remote.HttpCommandExecutor.execute(HttpCommandExecutor.java:164)
	at org.openqa.selenium.remote.service.DriverCommandExecutor.execute(DriverCommandExecutor.java:82)
	at org.openqa.selenium.remote.RemoteWebDriver.execute(RemoteWebDriver.java:637)
	at org.openqa.selenium.remote.RemoteWebDriver.execute(RemoteWebDriver.java:694)
	at org.openqa.selenium.remote.RemoteWebDriver$RemoteWebDriverOptions$RemoteWindow.maximize(RemoteWebDriver.java:925)
	at com.maventest.TestExample.NavigationExamples.NavigateTo(NavigationExamples.java:20)
... Removed 29 stack frames]]>
    </failure>
  </testcase> <!-- @BeforeClass NavigateTo -->
  <testcase name="NavigateToBack" time="0.0" classname="com.maventest.TestExample.NavigationExamples">
    <skipped/>
  </testcase> <!-- NavigateToBack -->
  <testcase name="Refresh" time="0.0" classname="com.maventest.TestExample.NavigationExamples">
    <skipped/>
  </testcase> <!-- Refresh -->
  <testcase name="NavigateToForward" time="0.0" classname="com.maventest.TestExample.NavigationExamples">
    <skipped/>
  </testcase> <!-- NavigateToForward -->
</testsuite> <!-- Test -->
